[15:31:11] [Server thread/INFO]: Starting minecraft server version 1.12.2
[15:31:11] [Server thread/INFO]: Loading properties
[15:31:11] [Server thread/INFO]: Default game type: SURVIVAL
[15:31:11] [Server thread/INFO]: This server is running CraftBukkit version git-Spigot-79a30d7-f4830a1 (MC: 1.12.2) (Implementing API version 1.12.2-R0.1-SNAPSHOT)
[15:31:11] [Server thread/INFO]: Server Ping Player Sample Count: 12
[15:31:11] [Server thread/INFO]: Using 4 threads for Netty based IO
[15:31:11] [Server thread/INFO]: Debug logging is disabled
[15:31:11] [Server thread/INFO]: Generating keypair
[15:31:11] [Server thread/INFO]: Starting Minecraft server on 0.0.0.0:25565
[15:31:11] [Server thread/INFO]: Using epoll channel type
[15:31:11] [Server thread/INFO]: Set PluginClassLoader as parallel capable
[15:31:11] [Server thread/INFO]: [WorkshopPlugin] Loading WorkshopPlugin v1.0
[15:31:11] [Server thread/WARN]: **** SERVER IS RUNNING IN OFFLINE/INSECURE MODE!
[15:31:11] [Server thread/WARN]: The server will make no attempt to authenticate usernames. Beware.
[15:31:11] [Server thread/WARN]: While this makes the game possible to play without internet access, it also opens up the ability for hackers to connect with any username they choose.
[15:31:11] [Server thread/WARN]: To change this, set "online-mode" to "true" in the server.properties file.
[15:31:11] [Server thread/INFO]: **** Beginning UUID conversion, this may take A LONG time ****
[15:31:11] [Server thread/INFO]: Preparing level "world"
[15:31:11] [Server thread/INFO]: -------- World Settings For [world] --------
[15:31:11] [Server thread/INFO]: Mob Spawn Range: 4
[15:31:11] [Server thread/INFO]: Cactus Growth Modifier: 100%
[15:31:11] [Server thread/INFO]: Cane Growth Modifier: 100%
[15:31:11] [Server thread/INFO]: Melon Growth Modifier: 100%
[15:31:11] [Server thread/INFO]: Mushroom Growth Modifier: 100%
[15:31:11] [Server thread/INFO]: Pumpkin Growth Modifier: 100%
[15:31:11] [Server thread/INFO]: Sapling Growth Modifier: 100%
[15:31:11] [Server thread/INFO]: Wheat Growth Modifier: 100%
[15:31:11] [Server thread/INFO]: NetherWart Growth Modifier: 100%
[15:31:11] [Server thread/INFO]: Vine Growth Modifier: 100%
[15:31:11] [Server thread/INFO]: Cocoa Growth Modifier: 100%
[15:31:11] [Server thread/INFO]: Entity Activation Range: An 32 / Mo 32 / Mi 16 / Tiv true
[15:31:11] [Server thread/INFO]: Entity Tracking Range: Pl 48 / An 48 / Mo 48 / Mi 32 / Other 64
[15:31:11] [Server thread/INFO]: Hopper Transfer: 8 Hopper Check: 1 Hopper Amount: 1
[15:31:11] [Server thread/INFO]: Random Lighting Updates: false
[15:31:11] [Server thread/INFO]: Structure Info Saving: true
[15:31:11] [Server thread/INFO]: Custom Map Seeds:  Village: 10387312 Feature: 14357617 Monument: 10387313 Slime: 987234911
[15:31:11] [Server thread/INFO]: Max TNT Explosions: 100
[15:31:11] [Server thread/INFO]: Tile Max Tick Time: 50ms Entity max Tick Time: 50ms
[15:31:11] [Server thread/INFO]: Item Merge Radius: 2.5
[15:31:11] [Server thread/INFO]: Item Despawn Rate: 6000
[15:31:11] [Server thread/INFO]: Arrow Despawn Rate: 1200
[15:31:11] [Server thread/INFO]: Allow Zombie Pigmen to spawn from portal blocks: true
[15:31:11] [Server thread/INFO]: View Distance: 16
[15:31:11] [Server thread/INFO]: Zombie Aggressive Towards Villager: true
[15:31:11] [Server thread/INFO]: Experience Merge Radius: 3.0
[15:31:11] [Server thread/INFO]: Nerfing mobs spawned from spawners: false
[15:31:11] [Server thread/INFO]: -------- World Settings For [world_nether] --------
[15:31:11] [Server thread/INFO]: Mob Spawn Range: 4
[15:31:11] [Server thread/INFO]: Cactus Growth Modifier: 100%
[15:31:11] [Server thread/INFO]: Cane Growth Modifier: 100%
[15:31:11] [Server thread/INFO]: Melon Growth Modifier: 100%
[15:31:11] [Server thread/INFO]: Mushroom Growth Modifier: 100%
[15:31:11] [Server thread/INFO]: Pumpkin Growth Modifier: 100%
[15:31:11] [Server thread/INFO]: Sapling Growth Modifier: 100%
[15:31:11] [Server thread/INFO]: Wheat Growth Modifier: 100%
[15:31:11] [Server thread/INFO]: NetherWart Growth Modifier: 100%
[15:31:11] [Server thread/INFO]: Vine Growth Modifier: 100%
[15:31:11] [Server thread/INFO]: Cocoa Growth Modifier: 100%
[15:31:11] [Server thread/INFO]: Entity Activation Range: An 32 / Mo 32 / Mi 16 / Tiv true
[15:31:11] [Server thread/INFO]: Entity Tracking Range: Pl 48 / An 48 / Mo 48 / Mi 32 / Other 64
[15:31:11] [Server thread/INFO]: Hopper Transfer: 8 Hopper Check: 1 Hopper Amount: 1
[15:31:11] [Server thread/INFO]: Random Lighting Updates: false
[15:31:11] [Server thread/INFO]: Structure Info Saving: true
[15:31:11] [Server thread/INFO]: Custom Map Seeds:  Village: 10387312 Feature: 14357617 Monument: 10387313 Slime: 987234911
[15:31:11] [Server thread/INFO]: Max TNT Explosions: 100
[15:31:11] [Server thread/INFO]: Tile Max Tick Time: 50ms Entity max Tick Time: 50ms
[15:31:11] [Server thread/INFO]: Item Merge Radius: 2.5
[15:31:11] [Server thread/INFO]: Item Despawn Rate: 6000
[15:31:11] [Server thread/INFO]: Arrow Despawn Rate: 1200
[15:31:11] [Server thread/INFO]: Allow Zombie Pigmen to spawn from portal blocks: true
[15:31:11] [Server thread/INFO]: View Distance: 16
[15:31:11] [Server thread/INFO]: Zombie Aggressive Towards Villager: true
[15:31:11] [Server thread/INFO]: Experience Merge Radius: 3.0
[15:31:11] [Server thread/INFO]: Nerfing mobs spawned from spawners: false
[15:31:11] [Server thread/INFO]: -------- World Settings For [world_the_end] --------
[15:31:11] [Server thread/INFO]: Mob Spawn Range: 4
[15:31:11] [Server thread/INFO]: Cactus Growth Modifier: 100%
[15:31:11] [Server thread/INFO]: Cane Growth Modifier: 100%
[15:31:11] [Server thread/INFO]: Melon Growth Modifier: 100%
[15:31:11] [Server thread/INFO]: Mushroom Growth Modifier: 100%
[15:31:11] [Server thread/INFO]: Pumpkin Growth Modifier: 100%
[15:31:11] [Server thread/INFO]: Sapling Growth Modifier: 100%
[15:31:11] [Server thread/INFO]: Wheat Growth Modifier: 100%
[15:31:11] [Server thread/INFO]: NetherWart Growth Modifier: 100%
[15:31:11] [Server thread/INFO]: Vine Growth Modifier: 100%
[15:31:11] [Server thread/INFO]: Cocoa Growth Modifier: 100%
[15:31:11] [Server thread/INFO]: Entity Activation Range: An 32 / Mo 32 / Mi 16 / Tiv true
[15:31:11] [Server thread/INFO]: Entity Tracking Range: Pl 48 / An 48 / Mo 48 / Mi 32 / Other 64
[15:31:11] [Server thread/INFO]: Hopper Transfer: 8 Hopper Check: 1 Hopper Amount: 1
[15:31:11] [Server thread/INFO]: Random Lighting Updates: false
[15:31:11] [Server thread/INFO]: Structure Info Saving: true
[15:31:11] [Server thread/INFO]: Custom Map Seeds:  Village: 10387312 Feature: 14357617 Monument: 10387313 Slime: 987234911
[15:31:11] [Server thread/INFO]: Max TNT Explosions: 100
[15:31:11] [Server thread/INFO]: Tile Max Tick Time: 50ms Entity max Tick Time: 50ms
[15:31:11] [Server thread/INFO]: Item Merge Radius: 2.5
[15:31:11] [Server thread/INFO]: Item Despawn Rate: 6000
[15:31:11] [Server thread/INFO]: Arrow Despawn Rate: 1200
[15:31:11] [Server thread/INFO]: Allow Zombie Pigmen to spawn from portal blocks: true
[15:31:11] [Server thread/INFO]: View Distance: 16
[15:31:11] [Server thread/INFO]: Zombie Aggressive Towards Villager: true
[15:31:11] [Server thread/INFO]: Experience Merge Radius: 3.0
[15:31:11] [Server thread/INFO]: Nerfing mobs spawned from spawners: false
[15:31:11] [Server thread/INFO]: Preparing start region for level 0 (Seed: -3859402445508673381)
[15:31:12] [Server thread/INFO]: Preparing spawn area: 82%
[15:31:13] [Server thread/INFO]: Preparing start region for level 1 (Seed: -3859402445508673381)
[15:31:13] [Server thread/INFO]: Preparing start region for level 2 (Seed: -3859402445508673381)
[15:31:13] [Server thread/INFO]: [WorkshopPlugin] Enabling WorkshopPlugin v1.0
[15:31:13] [Server thread/INFO]: ENABLED
[15:31:13] [Server thread/INFO]: Server permissions file permissions.yml is empty, ignoring it
[15:31:13] [Server thread/INFO]: Done (2.295s)! For help, type "help" or "?"
[15:31:13] [Server thread/INFO]: Starting remote control listener
[15:31:13] [RCON Listener #1/INFO]: RCON running on 0.0.0.0:25575
[15:31:20] [User Authenticator #1/INFO]: UUID of player Salocin_ is 6cef0888-4836-3f99-8c3c-6e0d6b23a032
[15:31:21] [Server thread/INFO]: Salocin_[/10.106.0.108:57580] logged in with entity id 250 at ([world]54.09167372801398, 64.0, 233.65773613494807)
[15:33:28] [Server thread/INFO]: CONSOLE: [0;31;1mPlease note that this command is not supported and may cause issues when using some plugins.[m
[15:33:28] [Server thread/INFO]: CONSOLE: [0;31;1mIf you encounter any issues please use the /stop command to restart your server.[m
[15:33:28] [Server thread/INFO]: Server Ping Player Sample Count: 12
[15:33:28] [Server thread/INFO]: Using 4 threads for Netty based IO
[15:33:28] [Server thread/INFO]: Debug logging is disabled
[15:33:28] [Server thread/INFO]: -------- World Settings For [world] --------
[15:33:28] [Server thread/INFO]: Mob Spawn Range: 4
[15:33:28] [Server thread/INFO]: Cactus Growth Modifier: 100%
[15:33:28] [Server thread/INFO]: Cane Growth Modifier: 100%
[15:33:28] [Server thread/INFO]: Melon Growth Modifier: 100%
[15:33:28] [Server thread/INFO]: Mushroom Growth Modifier: 100%
[15:33:28] [Server thread/INFO]: Pumpkin Growth Modifier: 100%
[15:33:28] [Server thread/INFO]: Sapling Growth Modifier: 100%
[15:33:28] [Server thread/INFO]: Wheat Growth Modifier: 100%
[15:33:28] [Server thread/INFO]: NetherWart Growth Modifier: 100%
[15:33:28] [Server thread/INFO]: Vine Growth Modifier: 100%
[15:33:28] [Server thread/INFO]: Cocoa Growth Modifier: 100%
[15:33:28] [Server thread/INFO]: Entity Activation Range: An 32 / Mo 32 / Mi 16 / Tiv true
[15:33:28] [Server thread/INFO]: Entity Tracking Range: Pl 48 / An 48 / Mo 48 / Mi 32 / Other 64
[15:33:28] [Server thread/INFO]: Hopper Transfer: 8 Hopper Check: 1 Hopper Amount: 1
[15:33:28] [Server thread/INFO]: Random Lighting Updates: false
[15:33:28] [Server thread/INFO]: Structure Info Saving: true
[15:33:28] [Server thread/INFO]: Custom Map Seeds:  Village: 10387312 Feature: 14357617 Monument: 10387313 Slime: 987234911
[15:33:28] [Server thread/INFO]: Max TNT Explosions: 100
[15:33:28] [Server thread/INFO]: Tile Max Tick Time: 50ms Entity max Tick Time: 50ms
[15:33:28] [Server thread/INFO]: Item Merge Radius: 2.5
[15:33:28] [Server thread/INFO]: Item Despawn Rate: 6000
[15:33:28] [Server thread/INFO]: Arrow Despawn Rate: 1200
[15:33:28] [Server thread/INFO]: Allow Zombie Pigmen to spawn from portal blocks: true
[15:33:28] [Server thread/INFO]: View Distance: 16
[15:33:28] [Server thread/INFO]: Zombie Aggressive Towards Villager: true
[15:33:28] [Server thread/INFO]: Experience Merge Radius: 3.0
[15:33:28] [Server thread/INFO]: Nerfing mobs spawned from spawners: false
[15:33:28] [Server thread/INFO]: -------- World Settings For [world_nether] --------
[15:33:28] [Server thread/INFO]: Mob Spawn Range: 4
[15:33:28] [Server thread/INFO]: Cactus Growth Modifier: 100%
[15:33:28] [Server thread/INFO]: Cane Growth Modifier: 100%
[15:33:28] [Server thread/INFO]: Melon Growth Modifier: 100%
[15:33:28] [Server thread/INFO]: Mushroom Growth Modifier: 100%
[15:33:28] [Server thread/INFO]: Pumpkin Growth Modifier: 100%
[15:33:28] [Server thread/INFO]: Sapling Growth Modifier: 100%
[15:33:28] [Server thread/INFO]: Wheat Growth Modifier: 100%
[15:33:28] [Server thread/INFO]: NetherWart Growth Modifier: 100%
[15:33:28] [Server thread/INFO]: Vine Growth Modifier: 100%
[15:33:28] [Server thread/INFO]: Cocoa Growth Modifier: 100%
[15:33:28] [Server thread/INFO]: Entity Activation Range: An 32 / Mo 32 / Mi 16 / Tiv true
[15:33:28] [Server thread/INFO]: Entity Tracking Range: Pl 48 / An 48 / Mo 48 / Mi 32 / Other 64
[15:33:28] [Server thread/INFO]: Hopper Transfer: 8 Hopper Check: 1 Hopper Amount: 1
[15:33:28] [Server thread/INFO]: Random Lighting Updates: false
[15:33:28] [Server thread/INFO]: Structure Info Saving: true
[15:33:28] [Server thread/INFO]: Custom Map Seeds:  Village: 10387312 Feature: 14357617 Monument: 10387313 Slime: 987234911
[15:33:28] [Server thread/INFO]: Max TNT Explosions: 100
[15:33:28] [Server thread/INFO]: Tile Max Tick Time: 50ms Entity max Tick Time: 50ms
[15:33:28] [Server thread/INFO]: Item Merge Radius: 2.5
[15:33:28] [Server thread/INFO]: Item Despawn Rate: 6000
[15:33:28] [Server thread/INFO]: Arrow Despawn Rate: 1200
[15:33:28] [Server thread/INFO]: Allow Zombie Pigmen to spawn from portal blocks: true
[15:33:28] [Server thread/INFO]: View Distance: 16
[15:33:28] [Server thread/INFO]: Zombie Aggressive Towards Villager: true
[15:33:28] [Server thread/INFO]: Experience Merge Radius: 3.0
[15:33:28] [Server thread/INFO]: Nerfing mobs spawned from spawners: false
[15:33:28] [Server thread/INFO]: -------- World Settings For [world_the_end] --------
[15:33:28] [Server thread/INFO]: Mob Spawn Range: 4
[15:33:28] [Server thread/INFO]: Cactus Growth Modifier: 100%
[15:33:28] [Server thread/INFO]: Cane Growth Modifier: 100%
[15:33:28] [Server thread/INFO]: Melon Growth Modifier: 100%
[15:33:28] [Server thread/INFO]: Mushroom Growth Modifier: 100%
[15:33:28] [Server thread/INFO]: Pumpkin Growth Modifier: 100%
[15:33:28] [Server thread/INFO]: Sapling Growth Modifier: 100%
[15:33:28] [Server thread/INFO]: Wheat Growth Modifier: 100%
[15:33:28] [Server thread/INFO]: NetherWart Growth Modifier: 100%
[15:33:28] [Server thread/INFO]: Vine Growth Modifier: 100%
[15:33:28] [Server thread/INFO]: Cocoa Growth Modifier: 100%
[15:33:28] [Server thread/INFO]: Entity Activation Range: An 32 / Mo 32 / Mi 16 / Tiv true
[15:33:28] [Server thread/INFO]: Entity Tracking Range: Pl 48 / An 48 / Mo 48 / Mi 32 / Other 64
[15:33:28] [Server thread/INFO]: Hopper Transfer: 8 Hopper Check: 1 Hopper Amount: 1
[15:33:28] [Server thread/INFO]: Random Lighting Updates: false
[15:33:28] [Server thread/INFO]: Structure Info Saving: true
[15:33:28] [Server thread/INFO]: Custom Map Seeds:  Village: 10387312 Feature: 14357617 Monument: 10387313 Slime: 987234911
[15:33:28] [Server thread/INFO]: Max TNT Explosions: 100
[15:33:28] [Server thread/INFO]: Tile Max Tick Time: 50ms Entity max Tick Time: 50ms
[15:33:28] [Server thread/INFO]: Item Merge Radius: 2.5
[15:33:28] [Server thread/INFO]: Item Despawn Rate: 6000
[15:33:28] [Server thread/INFO]: Arrow Despawn Rate: 1200
[15:33:28] [Server thread/INFO]: Allow Zombie Pigmen to spawn from portal blocks: true
[15:33:28] [Server thread/INFO]: View Distance: 16
[15:33:28] [Server thread/INFO]: Zombie Aggressive Towards Villager: true
[15:33:28] [Server thread/INFO]: Experience Merge Radius: 3.0
[15:33:28] [Server thread/INFO]: Nerfing mobs spawned from spawners: false
[15:33:28] [Server thread/INFO]: [WorkshopPlugin] Disabling WorkshopPlugin v1.0
[15:33:28] [Server thread/INFO]: DISABLED
[15:33:28] [Server thread/INFO]: [WorkshopPlugin] Loading WorkshopPlugin v1.0
[15:33:28] [Server thread/INFO]: [WorkshopPlugin] Enabling WorkshopPlugin v1.0
[15:33:28] [Server thread/INFO]: ENABLED
[15:33:28] [Server thread/INFO]: Server permissions file permissions.yml is empty, ignoring it
[15:33:28] [Server thread/INFO]: CONSOLE: [0;32;1mReload complete.[m
[15:33:34] [Server thread/INFO]: Salocin_ lost connection: Disconnected
[15:33:34] [Server thread/INFO]: Salocin_ left the game
[15:33:42] [User Authenticator #2/INFO]: UUID of player Salocin_ is 6cef0888-4836-3f99-8c3c-6e0d6b23a032
[15:33:42] [Server thread/INFO]: Salocin_[/10.106.0.108:57585] logged in with entity id 660 at ([world]54.09167372801398, 64.0, 233.65773613494807)
[15:34:02] [Server thread/INFO]: Salocin_ lost connection: Disconnected
[15:34:02] [Server thread/INFO]: Salocin_ left the game
[15:38:51] [User Authenticator #3/INFO]: UUID of player Salocin_ is 6cef0888-4836-3f99-8c3c-6e0d6b23a032
[15:38:51] [Server thread/INFO]: Salocin_[/10.106.0.108:57639] logged in with entity id 1031 at ([world]54.09167372801398, 64.0, 233.65773613494807)
[15:39:38] [Server thread/INFO]: Salocin_ issued server command: /tp 0 0 0
[15:39:51] [Server thread/INFO]: Opped Salocin_
[15:39:54] [Server thread/INFO]: Salocin_ issued server command: /tp 0 0 0
[15:39:54] [Server thread/INFO]: [Salocin_: Teleported Salocin_ to 0.5, 0.0, 0.5]
[15:39:59] [Server thread/INFO]: Salocin_ fell out of the world
[15:40:13] [Server thread/INFO]: Salocin_ issued server command: /marvin
[15:42:42] [Server thread/INFO]: Salocin_ lost connection: Timed out
[15:42:42] [Server thread/INFO]: Salocin_ left the game
[15:44:01] [Server thread/INFO]: CONSOLE: [0;31;1mPlease note that this command is not supported and may cause issues when using some plugins.[m
[15:44:01] [Server thread/INFO]: CONSOLE: [0;31;1mIf you encounter any issues please use the /stop command to restart your server.[m
[15:44:01] [Server thread/INFO]: Server Ping Player Sample Count: 12
[15:44:01] [Server thread/INFO]: Using 4 threads for Netty based IO
[15:44:01] [Server thread/INFO]: Debug logging is disabled
[15:44:01] [Server thread/INFO]: -------- World Settings For [world] --------
[15:44:01] [Server thread/INFO]: Mob Spawn Range: 4
[15:44:01] [Server thread/INFO]: Cactus Growth Modifier: 100%
[15:44:01] [Server thread/INFO]: Cane Growth Modifier: 100%
[15:44:01] [Server thread/INFO]: Melon Growth Modifier: 100%
[15:44:01] [Server thread/INFO]: Mushroom Growth Modifier: 100%
[15:44:01] [Server thread/INFO]: Pumpkin Growth Modifier: 100%
[15:44:01] [Server thread/INFO]: Sapling Growth Modifier: 100%
[15:44:01] [Server thread/INFO]: Wheat Growth Modifier: 100%
[15:44:01] [Server thread/INFO]: NetherWart Growth Modifier: 100%
[15:44:01] [Server thread/INFO]: Vine Growth Modifier: 100%
[15:44:01] [Server thread/INFO]: Cocoa Growth Modifier: 100%
[15:44:01] [Server thread/INFO]: Entity Activation Range: An 32 / Mo 32 / Mi 16 / Tiv true
[15:44:01] [Server thread/INFO]: Entity Tracking Range: Pl 48 / An 48 / Mo 48 / Mi 32 / Other 64
[15:44:01] [Server thread/INFO]: Hopper Transfer: 8 Hopper Check: 1 Hopper Amount: 1
[15:44:01] [Server thread/INFO]: Random Lighting Updates: false
[15:44:01] [Server thread/INFO]: Structure Info Saving: true
[15:44:01] [Server thread/INFO]: Custom Map Seeds:  Village: 10387312 Feature: 14357617 Monument: 10387313 Slime: 987234911
[15:44:01] [Server thread/INFO]: Max TNT Explosions: 100
[15:44:01] [Server thread/INFO]: Tile Max Tick Time: 50ms Entity max Tick Time: 50ms
[15:44:01] [Server thread/INFO]: Item Merge Radius: 2.5
[15:44:01] [Server thread/INFO]: Item Despawn Rate: 6000
[15:44:01] [Server thread/INFO]: Arrow Despawn Rate: 1200
[15:44:01] [Server thread/INFO]: Allow Zombie Pigmen to spawn from portal blocks: true
[15:44:01] [Server thread/INFO]: View Distance: 16
[15:44:01] [Server thread/INFO]: Zombie Aggressive Towards Villager: true
[15:44:01] [Server thread/INFO]: Experience Merge Radius: 3.0
[15:44:01] [Server thread/INFO]: Nerfing mobs spawned from spawners: false
[15:44:01] [Server thread/INFO]: -------- World Settings For [world_nether] --------
[15:44:01] [Server thread/INFO]: Mob Spawn Range: 4
[15:44:01] [Server thread/INFO]: Cactus Growth Modifier: 100%
[15:44:01] [Server thread/INFO]: Cane Growth Modifier: 100%
[15:44:01] [Server thread/INFO]: Melon Growth Modifier: 100%
[15:44:01] [Server thread/INFO]: Mushroom Growth Modifier: 100%
[15:44:01] [Server thread/INFO]: Pumpkin Growth Modifier: 100%
[15:44:01] [Server thread/INFO]: Sapling Growth Modifier: 100%
[15:44:01] [Server thread/INFO]: Wheat Growth Modifier: 100%
[15:44:01] [Server thread/INFO]: NetherWart Growth Modifier: 100%
[15:44:01] [Server thread/INFO]: Vine Growth Modifier: 100%
[15:44:01] [Server thread/INFO]: Cocoa Growth Modifier: 100%
[15:44:01] [Server thread/INFO]: Entity Activation Range: An 32 / Mo 32 / Mi 16 / Tiv true
[15:44:01] [Server thread/INFO]: Entity Tracking Range: Pl 48 / An 48 / Mo 48 / Mi 32 / Other 64
[15:44:01] [Server thread/INFO]: Hopper Transfer: 8 Hopper Check: 1 Hopper Amount: 1
[15:44:01] [Server thread/INFO]: Random Lighting Updates: false
[15:44:01] [Server thread/INFO]: Structure Info Saving: true
[15:44:01] [Server thread/INFO]: Custom Map Seeds:  Village: 10387312 Feature: 14357617 Monument: 10387313 Slime: 987234911
[15:44:01] [Server thread/INFO]: Max TNT Explosions: 100
[15:44:01] [Server thread/INFO]: Tile Max Tick Time: 50ms Entity max Tick Time: 50ms
[15:44:01] [Server thread/INFO]: Item Merge Radius: 2.5
[15:44:01] [Server thread/INFO]: Item Despawn Rate: 6000
[15:44:01] [Server thread/INFO]: Arrow Despawn Rate: 1200
[15:44:01] [Server thread/INFO]: Allow Zombie Pigmen to spawn from portal blocks: true
[15:44:01] [Server thread/INFO]: View Distance: 16
[15:44:01] [Server thread/INFO]: Zombie Aggressive Towards Villager: true
[15:44:01] [Server thread/INFO]: Experience Merge Radius: 3.0
[15:44:01] [Server thread/INFO]: Nerfing mobs spawned from spawners: false
[15:44:01] [Server thread/INFO]: -------- World Settings For [world_the_end] --------
[15:44:01] [Server thread/INFO]: Mob Spawn Range: 4
[15:44:01] [Server thread/INFO]: Cactus Growth Modifier: 100%
[15:44:01] [Server thread/INFO]: Cane Growth Modifier: 100%
[15:44:01] [Server thread/INFO]: Melon Growth Modifier: 100%
[15:44:01] [Server thread/INFO]: Mushroom Growth Modifier: 100%
[15:44:01] [Server thread/INFO]: Pumpkin Growth Modifier: 100%
[15:44:01] [Server thread/INFO]: Sapling Growth Modifier: 100%
[15:44:01] [Server thread/INFO]: Wheat Growth Modifier: 100%
[15:44:01] [Server thread/INFO]: NetherWart Growth Modifier: 100%
[15:44:01] [Server thread/INFO]: Vine Growth Modifier: 100%
[15:44:01] [Server thread/INFO]: Cocoa Growth Modifier: 100%
[15:44:01] [Server thread/INFO]: Entity Activation Range: An 32 / Mo 32 / Mi 16 / Tiv true
[15:44:01] [Server thread/INFO]: Entity Tracking Range: Pl 48 / An 48 / Mo 48 / Mi 32 / Other 64
[15:44:01] [Server thread/INFO]: Hopper Transfer: 8 Hopper Check: 1 Hopper Amount: 1
[15:44:01] [Server thread/INFO]: Random Lighting Updates: false
[15:44:01] [Server thread/INFO]: Structure Info Saving: true
[15:44:01] [Server thread/INFO]: Custom Map Seeds:  Village: 10387312 Feature: 14357617 Monument: 10387313 Slime: 987234911
[15:44:01] [Server thread/INFO]: Max TNT Explosions: 100
[15:44:01] [Server thread/INFO]: Tile Max Tick Time: 50ms Entity max Tick Time: 50ms
[15:44:01] [Server thread/INFO]: Item Merge Radius: 2.5
[15:44:01] [Server thread/INFO]: Item Despawn Rate: 6000
[15:44:01] [Server thread/INFO]: Arrow Despawn Rate: 1200
[15:44:01] [Server thread/INFO]: Allow Zombie Pigmen to spawn from portal blocks: true
[15:44:01] [Server thread/INFO]: View Distance: 16
[15:44:01] [Server thread/INFO]: Zombie Aggressive Towards Villager: true
[15:44:01] [Server thread/INFO]: Experience Merge Radius: 3.0
[15:44:01] [Server thread/INFO]: Nerfing mobs spawned from spawners: false
[15:44:01] [Server thread/INFO]: [WorkshopPlugin] Disabling WorkshopPlugin v1.0
[15:44:01] [Server thread/INFO]: DISABLED
[15:44:02] [Server thread/INFO]: [WorkshopPlugin] Loading WorkshopPlugin v1.0
[15:44:02] [Server thread/INFO]: [WorkshopPlugin] Enabling WorkshopPlugin v1.0
[15:44:02] [Server thread/INFO]: ENABLED
[15:44:02] [Server thread/INFO]: Server permissions file permissions.yml is empty, ignoring it
[15:44:02] [Server thread/INFO]: CONSOLE: [0;32;1mReload complete.[m
[15:44:12] [User Authenticator #4/INFO]: UUID of player Salocin_ is 6cef0888-4836-3f99-8c3c-6e0d6b23a032
[15:44:12] [Server thread/INFO]: Salocin_[/10.106.0.108:57736] logged in with entity id 2749 at ([world]81.5, 65.0, 254.5)
[15:44:25] [Server thread/INFO]: Salocin_ issued server command: /epitech
[15:45:19] [Server thread/INFO]: Salocin_ lost connection: Internal Exception: io.netty.channel.unix.Errors$NativeIoException: syscall:read(..) failed: Connection reset by peer
[15:45:19] [Server thread/INFO]: Salocin_ left the game
[15:45:51] [Server thread/INFO]: CONSOLE: [0;31;1mPlease note that this command is not supported and may cause issues when using some plugins.[m
[15:45:51] [Server thread/INFO]: CONSOLE: [0;31;1mIf you encounter any issues please use the /stop command to restart your server.[m
[15:45:51] [Server thread/INFO]: Server Ping Player Sample Count: 12
[15:45:51] [Server thread/INFO]: Using 4 threads for Netty based IO
[15:45:51] [Server thread/INFO]: Debug logging is disabled
[15:45:51] [Server thread/INFO]: -------- World Settings For [world] --------
[15:45:51] [Server thread/INFO]: Mob Spawn Range: 4
[15:45:51] [Server thread/INFO]: Cactus Growth Modifier: 100%
[15:45:51] [Server thread/INFO]: Cane Growth Modifier: 100%
[15:45:51] [Server thread/INFO]: Melon Growth Modifier: 100%
[15:45:51] [Server thread/INFO]: Mushroom Growth Modifier: 100%
[15:45:51] [Server thread/INFO]: Pumpkin Growth Modifier: 100%
[15:45:51] [Server thread/INFO]: Sapling Growth Modifier: 100%
[15:45:51] [Server thread/INFO]: Wheat Growth Modifier: 100%
[15:45:51] [Server thread/INFO]: NetherWart Growth Modifier: 100%
[15:45:51] [Server thread/INFO]: Vine Growth Modifier: 100%
[15:45:51] [Server thread/INFO]: Cocoa Growth Modifier: 100%
[15:45:51] [Server thread/INFO]: Entity Activation Range: An 32 / Mo 32 / Mi 16 / Tiv true
[15:45:51] [Server thread/INFO]: Entity Tracking Range: Pl 48 / An 48 / Mo 48 / Mi 32 / Other 64
[15:45:51] [Server thread/INFO]: Hopper Transfer: 8 Hopper Check: 1 Hopper Amount: 1
[15:45:51] [Server thread/INFO]: Random Lighting Updates: false
[15:45:51] [Server thread/INFO]: Structure Info Saving: true
[15:45:51] [Server thread/INFO]: Custom Map Seeds:  Village: 10387312 Feature: 14357617 Monument: 10387313 Slime: 987234911
[15:45:51] [Server thread/INFO]: Max TNT Explosions: 100
[15:45:51] [Server thread/INFO]: Tile Max Tick Time: 50ms Entity max Tick Time: 50ms
[15:45:51] [Server thread/INFO]: Item Merge Radius: 2.5
[15:45:51] [Server thread/INFO]: Item Despawn Rate: 6000
[15:45:51] [Server thread/INFO]: Arrow Despawn Rate: 1200
[15:45:51] [Server thread/INFO]: Allow Zombie Pigmen to spawn from portal blocks: true
[15:45:51] [Server thread/INFO]: View Distance: 16
[15:45:51] [Server thread/INFO]: Zombie Aggressive Towards Villager: true
[15:45:51] [Server thread/INFO]: Experience Merge Radius: 3.0
[15:45:51] [Server thread/INFO]: Nerfing mobs spawned from spawners: false
[15:45:51] [Server thread/INFO]: -------- World Settings For [world_nether] --------
[15:45:51] [Server thread/INFO]: Mob Spawn Range: 4
[15:45:51] [Server thread/INFO]: Cactus Growth Modifier: 100%
[15:45:51] [Server thread/INFO]: Cane Growth Modifier: 100%
[15:45:51] [Server thread/INFO]: Melon Growth Modifier: 100%
[15:45:51] [Server thread/INFO]: Mushroom Growth Modifier: 100%
[15:45:51] [Server thread/INFO]: Pumpkin Growth Modifier: 100%
[15:45:51] [Server thread/INFO]: Sapling Growth Modifier: 100%
[15:45:51] [Server thread/INFO]: Wheat Growth Modifier: 100%
[15:45:51] [Server thread/INFO]: NetherWart Growth Modifier: 100%
[15:45:51] [Server thread/INFO]: Vine Growth Modifier: 100%
[15:45:51] [Server thread/INFO]: Cocoa Growth Modifier: 100%
[15:45:51] [Server thread/INFO]: Entity Activation Range: An 32 / Mo 32 / Mi 16 / Tiv true
[15:45:51] [Server thread/INFO]: Entity Tracking Range: Pl 48 / An 48 / Mo 48 / Mi 32 / Other 64
[15:45:51] [Server thread/INFO]: Hopper Transfer: 8 Hopper Check: 1 Hopper Amount: 1
[15:45:51] [Server thread/INFO]: Random Lighting Updates: false
[15:45:51] [Server thread/INFO]: Structure Info Saving: true
[15:45:51] [Server thread/INFO]: Custom Map Seeds:  Village: 10387312 Feature: 14357617 Monument: 10387313 Slime: 987234911
[15:45:51] [Server thread/INFO]: Max TNT Explosions: 100
[15:45:51] [Server thread/INFO]: Tile Max Tick Time: 50ms Entity max Tick Time: 50ms
[15:45:51] [Server thread/INFO]: Item Merge Radius: 2.5
[15:45:51] [Server thread/INFO]: Item Despawn Rate: 6000
[15:45:51] [Server thread/INFO]: Arrow Despawn Rate: 1200
[15:45:51] [Server thread/INFO]: Allow Zombie Pigmen to spawn from portal blocks: true
[15:45:51] [Server thread/INFO]: View Distance: 16
[15:45:51] [Server thread/INFO]: Zombie Aggressive Towards Villager: true
[15:45:51] [Server thread/INFO]: Experience Merge Radius: 3.0
[15:45:51] [Server thread/INFO]: Nerfing mobs spawned from spawners: false
[15:45:51] [Server thread/INFO]: -------- World Settings For [world_the_end] --------
[15:45:51] [Server thread/INFO]: Mob Spawn Range: 4
[15:45:51] [Server thread/INFO]: Cactus Growth Modifier: 100%
[15:45:51] [Server thread/INFO]: Cane Growth Modifier: 100%
[15:45:51] [Server thread/INFO]: Melon Growth Modifier: 100%
[15:45:51] [Server thread/INFO]: Mushroom Growth Modifier: 100%
[15:45:51] [Server thread/INFO]: Pumpkin Growth Modifier: 100%
[15:45:51] [Server thread/INFO]: Sapling Growth Modifier: 100%
[15:45:51] [Server thread/INFO]: Wheat Growth Modifier: 100%
[15:45:51] [Server thread/INFO]: NetherWart Growth Modifier: 100%
[15:45:51] [Server thread/INFO]: Vine Growth Modifier: 100%
[15:45:51] [Server thread/INFO]: Cocoa Growth Modifier: 100%
[15:45:51] [Server thread/INFO]: Entity Activation Range: An 32 / Mo 32 / Mi 16 / Tiv true
[15:45:51] [Server thread/INFO]: Entity Tracking Range: Pl 48 / An 48 / Mo 48 / Mi 32 / Other 64
[15:45:51] [Server thread/INFO]: Hopper Transfer: 8 Hopper Check: 1 Hopper Amount: 1
[15:45:51] [Server thread/INFO]: Random Lighting Updates: false
[15:45:51] [Server thread/INFO]: Structure Info Saving: true
[15:45:51] [Server thread/INFO]: Custom Map Seeds:  Village: 10387312 Feature: 14357617 Monument: 10387313 Slime: 987234911
[15:45:51] [Server thread/INFO]: Max TNT Explosions: 100
[15:45:51] [Server thread/INFO]: Tile Max Tick Time: 50ms Entity max Tick Time: 50ms
[15:45:51] [Server thread/INFO]: Item Merge Radius: 2.5
[15:45:51] [Server thread/INFO]: Item Despawn Rate: 6000
[15:45:51] [Server thread/INFO]: Arrow Despawn Rate: 1200
[15:45:51] [Server thread/INFO]: Allow Zombie Pigmen to spawn from portal blocks: true
[15:45:51] [Server thread/INFO]: View Distance: 16
[15:45:51] [Server thread/INFO]: Zombie Aggressive Towards Villager: true
[15:45:51] [Server thread/INFO]: Experience Merge Radius: 3.0
[15:45:51] [Server thread/INFO]: Nerfing mobs spawned from spawners: false
[15:45:51] [Server thread/INFO]: [WorkshopPlugin] Disabling WorkshopPlugin v1.0
[15:45:51] [Server thread/INFO]: DISABLED
[15:45:51] [Server thread/INFO]: [WorkshopPlugin] Loading WorkshopPlugin v1.0
[15:45:51] [Server thread/INFO]: [WorkshopPlugin] Enabling WorkshopPlugin v1.0
[15:45:51] [Server thread/ERROR]: Error occurred while enabling WorkshopPlugin v1.0 (Is it up to date?)
java.lang.NullPointerException: null
	at re.chatdo.workshopplugin.WorkshopPlugin.onEnable(WorkshopPlugin.java:11) ~[?:?]
	at org.bukkit.plugin.java.JavaPlugin.setEnabled(JavaPlugin.java:264) ~[spigot-1.12.2.jar:git-Spigot-79a30d7-f4830a1]
	at org.bukkit.plugin.java.JavaPluginLoader.enablePlugin(JavaPluginLoader.java:337) [spigot-1.12.2.jar:git-Spigot-79a30d7-f4830a1]
	at org.bukkit.plugin.SimplePluginManager.enablePlugin(SimplePluginManager.java:403) [spigot-1.12.2.jar:git-Spigot-79a30d7-f4830a1]
	at org.bukkit.craftbukkit.v1_12_R1.CraftServer.enablePlugin(CraftServer.java:381) [spigot-1.12.2.jar:git-Spigot-79a30d7-f4830a1]
	at org.bukkit.craftbukkit.v1_12_R1.CraftServer.enablePlugins(CraftServer.java:330) [spigot-1.12.2.jar:git-Spigot-79a30d7-f4830a1]
	at org.bukkit.craftbukkit.v1_12_R1.CraftServer.reload(CraftServer.java:752) [spigot-1.12.2.jar:git-Spigot-79a30d7-f4830a1]
	at org.bukkit.Bukkit.reload(Bukkit.java:525) [spigot-1.12.2.jar:git-Spigot-79a30d7-f4830a1]
	at org.bukkit.command.defaults.ReloadCommand.execute(ReloadCommand.java:27) [spigot-1.12.2.jar:git-Spigot-79a30d7-f4830a1]
	at org.bukkit.command.SimpleCommandMap.dispatch(SimpleCommandMap.java:141) [spigot-1.12.2.jar:git-Spigot-79a30d7-f4830a1]
	at org.bukkit.craftbukkit.v1_12_R1.CraftServer.dispatchCommand(CraftServer.java:648) [spigot-1.12.2.jar:git-Spigot-79a30d7-f4830a1]
	at org.bukkit.craftbukkit.v1_12_R1.CraftServer.dispatchServerCommand(CraftServer.java:634) [spigot-1.12.2.jar:git-Spigot-79a30d7-f4830a1]
	at net.minecraft.server.v1_12_R1.DedicatedServer.aP(DedicatedServer.java:444) [spigot-1.12.2.jar:git-Spigot-79a30d7-f4830a1]
	at net.minecraft.server.v1_12_R1.DedicatedServer.D(DedicatedServer.java:407) [spigot-1.12.2.jar:git-Spigot-79a30d7-f4830a1]
	at net.minecraft.server.v1_12_R1.MinecraftServer.C(MinecraftServer.java:679) [spigot-1.12.2.jar:git-Spigot-79a30d7-f4830a1]
	at net.minecraft.server.v1_12_R1.MinecraftServer.run(MinecraftServer.java:577) [spigot-1.12.2.jar:git-Spigot-79a30d7-f4830a1]
	at java.lang.Thread.run(Thread.java:750) [?:1.8.0_352]
[15:45:51] [Server thread/INFO]: Server permissions file permissions.yml is empty, ignoring it
[15:45:51] [Server thread/INFO]: CONSOLE: [0;32;1mReload complete.[m
[15:48:17] [Server thread/INFO]: Usage: /deop <player>
[15:50:11] [Server thread/INFO]: CONSOLE: [0;31;1mPlease note that this command is not supported and may cause issues when using some plugins.[m
[15:50:11] [Server thread/INFO]: CONSOLE: [0;31;1mIf you encounter any issues please use the /stop command to restart your server.[m
[15:50:11] [Server thread/INFO]: Server Ping Player Sample Count: 12
[15:50:11] [Server thread/INFO]: Using 4 threads for Netty based IO
[15:50:11] [Server thread/INFO]: Debug logging is disabled
[15:50:11] [Server thread/INFO]: -------- World Settings For [world] --------
[15:50:11] [Server thread/INFO]: Mob Spawn Range: 4
[15:50:11] [Server thread/INFO]: Cactus Growth Modifier: 100%
[15:50:11] [Server thread/INFO]: Cane Growth Modifier: 100%
[15:50:11] [Server thread/INFO]: Melon Growth Modifier: 100%
[15:50:11] [Server thread/INFO]: Mushroom Growth Modifier: 100%
[15:50:11] [Server thread/INFO]: Pumpkin Growth Modifier: 100%
[15:50:11] [Server thread/INFO]: Sapling Growth Modifier: 100%
[15:50:11] [Server thread/INFO]: Wheat Growth Modifier: 100%
[15:50:11] [Server thread/INFO]: NetherWart Growth Modifier: 100%
[15:50:11] [Server thread/INFO]: Vine Growth Modifier: 100%
[15:50:11] [Server thread/INFO]: Cocoa Growth Modifier: 100%
[15:50:11] [Server thread/INFO]: Entity Activation Range: An 32 / Mo 32 / Mi 16 / Tiv true
[15:50:11] [Server thread/INFO]: Entity Tracking Range: Pl 48 / An 48 / Mo 48 / Mi 32 / Other 64
[15:50:11] [Server thread/INFO]: Hopper Transfer: 8 Hopper Check: 1 Hopper Amount: 1
[15:50:11] [Server thread/INFO]: Random Lighting Updates: false
[15:50:11] [Server thread/INFO]: Structure Info Saving: true
[15:50:11] [Server thread/INFO]: Custom Map Seeds:  Village: 10387312 Feature: 14357617 Monument: 10387313 Slime: 987234911
[15:50:11] [Server thread/INFO]: Max TNT Explosions: 100
[15:50:11] [Server thread/INFO]: Tile Max Tick Time: 50ms Entity max Tick Time: 50ms
[15:50:11] [Server thread/INFO]: Item Merge Radius: 2.5
[15:50:11] [Server thread/INFO]: Item Despawn Rate: 6000
[15:50:11] [Server thread/INFO]: Arrow Despawn Rate: 1200
[15:50:11] [Server thread/INFO]: Allow Zombie Pigmen to spawn from portal blocks: true
[15:50:11] [Server thread/INFO]: View Distance: 16
[15:50:11] [Server thread/INFO]: Zombie Aggressive Towards Villager: true
[15:50:11] [Server thread/INFO]: Experience Merge Radius: 3.0
[15:50:11] [Server thread/INFO]: Nerfing mobs spawned from spawners: false
[15:50:11] [Server thread/INFO]: -------- World Settings For [world_nether] --------
[15:50:11] [Server thread/INFO]: Mob Spawn Range: 4
[15:50:11] [Server thread/INFO]: Cactus Growth Modifier: 100%
[15:50:11] [Server thread/INFO]: Cane Growth Modifier: 100%
[15:50:11] [Server thread/INFO]: Melon Growth Modifier: 100%
[15:50:11] [Server thread/INFO]: Mushroom Growth Modifier: 100%
[15:50:11] [Server thread/INFO]: Pumpkin Growth Modifier: 100%
[15:50:11] [Server thread/INFO]: Sapling Growth Modifier: 100%
[15:50:11] [Server thread/INFO]: Wheat Growth Modifier: 100%
[15:50:11] [Server thread/INFO]: NetherWart Growth Modifier: 100%
[15:50:11] [Server thread/INFO]: Vine Growth Modifier: 100%
[15:50:11] [Server thread/INFO]: Cocoa Growth Modifier: 100%
[15:50:11] [Server thread/INFO]: Entity Activation Range: An 32 / Mo 32 / Mi 16 / Tiv true
[15:50:11] [Server thread/INFO]: Entity Tracking Range: Pl 48 / An 48 / Mo 48 / Mi 32 / Other 64
[15:50:11] [Server thread/INFO]: Hopper Transfer: 8 Hopper Check: 1 Hopper Amount: 1
[15:50:11] [Server thread/INFO]: Random Lighting Updates: false
[15:50:11] [Server thread/INFO]: Structure Info Saving: true
[15:50:11] [Server thread/INFO]: Custom Map Seeds:  Village: 10387312 Feature: 14357617 Monument: 10387313 Slime: 987234911
[15:50:11] [Server thread/INFO]: Max TNT Explosions: 100
[15:50:11] [Server thread/INFO]: Tile Max Tick Time: 50ms Entity max Tick Time: 50ms
[15:50:11] [Server thread/INFO]: Item Merge Radius: 2.5
[15:50:11] [Server thread/INFO]: Item Despawn Rate: 6000
[15:50:11] [Server thread/INFO]: Arrow Despawn Rate: 1200
[15:50:11] [Server thread/INFO]: Allow Zombie Pigmen to spawn from portal blocks: true
[15:50:11] [Server thread/INFO]: View Distance: 16
[15:50:11] [Server thread/INFO]: Zombie Aggressive Towards Villager: true
[15:50:11] [Server thread/INFO]: Experience Merge Radius: 3.0
[15:50:11] [Server thread/INFO]: Nerfing mobs spawned from spawners: false
[15:50:11] [Server thread/INFO]: -------- World Settings For [world_the_end] --------
[15:50:11] [Server thread/INFO]: Mob Spawn Range: 4
[15:50:11] [Server thread/INFO]: Cactus Growth Modifier: 100%
[15:50:11] [Server thread/INFO]: Cane Growth Modifier: 100%
[15:50:11] [Server thread/INFO]: Melon Growth Modifier: 100%
[15:50:11] [Server thread/INFO]: Mushroom Growth Modifier: 100%
[15:50:11] [Server thread/INFO]: Pumpkin Growth Modifier: 100%
[15:50:11] [Server thread/INFO]: Sapling Growth Modifier: 100%
[15:50:11] [Server thread/INFO]: Wheat Growth Modifier: 100%
[15:50:11] [Server thread/INFO]: NetherWart Growth Modifier: 100%
[15:50:11] [Server thread/INFO]: Vine Growth Modifier: 100%
[15:50:11] [Server thread/INFO]: Cocoa Growth Modifier: 100%
[15:50:11] [Server thread/INFO]: Entity Activation Range: An 32 / Mo 32 / Mi 16 / Tiv true
[15:50:11] [Server thread/INFO]: Entity Tracking Range: Pl 48 / An 48 / Mo 48 / Mi 32 / Other 64
[15:50:11] [Server thread/INFO]: Hopper Transfer: 8 Hopper Check: 1 Hopper Amount: 1
[15:50:11] [Server thread/INFO]: Random Lighting Updates: false
[15:50:11] [Server thread/INFO]: Structure Info Saving: true
[15:50:11] [Server thread/INFO]: Custom Map Seeds:  Village: 10387312 Feature: 14357617 Monument: 10387313 Slime: 987234911
[15:50:11] [Server thread/INFO]: Max TNT Explosions: 100
[15:50:11] [Server thread/INFO]: Tile Max Tick Time: 50ms Entity max Tick Time: 50ms
[15:50:11] [Server thread/INFO]: Item Merge Radius: 2.5
[15:50:11] [Server thread/INFO]: Item Despawn Rate: 6000
[15:50:11] [Server thread/INFO]: Arrow Despawn Rate: 1200
[15:50:11] [Server thread/INFO]: Allow Zombie Pigmen to spawn from portal blocks: true
[15:50:11] [Server thread/INFO]: View Distance: 16
[15:50:11] [Server thread/INFO]: Zombie Aggressive Towards Villager: true
[15:50:11] [Server thread/INFO]: Experience Merge Radius: 3.0
[15:50:11] [Server thread/INFO]: Nerfing mobs spawned from spawners: false
[15:50:11] [Server thread/INFO]: [WorkshopPlugin] Disabling WorkshopPlugin v1.0
[15:50:11] [Server thread/INFO]: DISABLED
[15:50:11] [Server thread/INFO]: [WorkshopPlugin] Loading WorkshopPlugin v1.0
[15:50:11] [Server thread/INFO]: [WorkshopPlugin] Enabling WorkshopPlugin v1.0
[15:50:11] [Server thread/INFO]: ENABLED
[15:50:11] [Server thread/INFO]: Server permissions file permissions.yml is empty, ignoring it
[15:50:11] [Server thread/INFO]: CONSOLE: [0;32;1mReload complete.[m
[15:50:21] [User Authenticator #5/INFO]: UUID of player Salocin_ is 6cef0888-4836-3f99-8c3c-6e0d6b23a032
[15:50:21] [Server thread/INFO]: Salocin_[/10.106.0.108:57774] logged in with entity id 3209 at ([world]81.5, 65.0, 254.5)
[15:50:46] [Server thread/INFO]: Salocin_ lost connection: Timed out
[15:50:46] [Server thread/INFO]: [-] Salocin_
[15:51:02] [User Authenticator #6/INFO]: UUID of player Salocin_ is 6cef0888-4836-3f99-8c3c-6e0d6b23a032
[15:51:02] [Server thread/INFO]: Salocin_[/10.106.0.108:57777] logged in with entity id 3581 at ([world]81.5, 65.0, 254.5)
[15:51:14] [Server thread/INFO]: Salocin_ issued server command: /epitech
[15:51:14] [Server thread/INFO]: <Salocin_> TEst chat[m
[15:51:45] [Async Chat Thread - #0/INFO]: <Salocin_> batard$[m
[15:52:31] [Server thread/INFO]: Salocin_ lost connection: Disconnected
[15:52:31] [Server thread/INFO]: [-] Salocin_
[15:53:33] [User Authenticator #7/INFO]: UUID of player Salocin_ is 6cef0888-4836-3f99-8c3c-6e0d6b23a032
[15:53:33] [Server thread/INFO]: Salocin_[/10.106.0.108:57807] logged in with entity id 3973 at ([world]81.5, 65.0, 254.5)
[15:53:41] [Server thread/INFO]: Salocin_ issued server command: /help epitech
[15:53:59] [Server thread/INFO]: Salocin_ issued server command: /gamemode creative
[15:53:59] [Server thread/INFO]: [Salocin_: Set own game mode to Creative Mode]
[15:57:51] [Async Chat Thread - #1/INFO]: <Salocin_> gaaaaay[m
[15:59:58] [Async Chat Thread - #2/INFO]: <Salocin_> gaaaaiiii[m
[16:00:08] [Server thread/INFO]: [Server] tg
[16:00:17] [Server thread/INFO]: Salocin_ lost connection: Disconnected
[16:00:17] [Server thread/INFO]: [-] Salocin_
[16:13:06] [Server thread/INFO]: CONSOLE: [0;31;1mPlease note that this command is not supported and may cause issues when using some plugins.[m
[16:13:06] [Server thread/INFO]: CONSOLE: [0;31;1mIf you encounter any issues please use the /stop command to restart your server.[m
[16:13:06] [Server thread/INFO]: Server Ping Player Sample Count: 12
[16:13:06] [Server thread/INFO]: Using 4 threads for Netty based IO
[16:13:06] [Server thread/INFO]: Debug logging is disabled
[16:13:06] [Server thread/INFO]: -------- World Settings For [world] --------
[16:13:06] [Server thread/INFO]: Mob Spawn Range: 4
[16:13:06] [Server thread/INFO]: Cactus Growth Modifier: 100%
[16:13:06] [Server thread/INFO]: Cane Growth Modifier: 100%
[16:13:06] [Server thread/INFO]: Melon Growth Modifier: 100%
[16:13:06] [Server thread/INFO]: Mushroom Growth Modifier: 100%
[16:13:06] [Server thread/INFO]: Pumpkin Growth Modifier: 100%
[16:13:06] [Server thread/INFO]: Sapling Growth Modifier: 100%
[16:13:06] [Server thread/INFO]: Wheat Growth Modifier: 100%
[16:13:06] [Server thread/INFO]: NetherWart Growth Modifier: 100%
[16:13:06] [Server thread/INFO]: Vine Growth Modifier: 100%
[16:13:06] [Server thread/INFO]: Cocoa Growth Modifier: 100%
[16:13:06] [Server thread/INFO]: Entity Activation Range: An 32 / Mo 32 / Mi 16 / Tiv true
[16:13:06] [Server thread/INFO]: Entity Tracking Range: Pl 48 / An 48 / Mo 48 / Mi 32 / Other 64
[16:13:06] [Server thread/INFO]: Hopper Transfer: 8 Hopper Check: 1 Hopper Amount: 1
[16:13:06] [Server thread/INFO]: Random Lighting Updates: false
[16:13:06] [Server thread/INFO]: Structure Info Saving: true
[16:13:06] [Server thread/INFO]: Custom Map Seeds:  Village: 10387312 Feature: 14357617 Monument: 10387313 Slime: 987234911
[16:13:06] [Server thread/INFO]: Max TNT Explosions: 100
[16:13:06] [Server thread/INFO]: Tile Max Tick Time: 50ms Entity max Tick Time: 50ms
[16:13:06] [Server thread/INFO]: Item Merge Radius: 2.5
[16:13:06] [Server thread/INFO]: Item Despawn Rate: 6000
[16:13:06] [Server thread/INFO]: Arrow Despawn Rate: 1200
[16:13:06] [Server thread/INFO]: Allow Zombie Pigmen to spawn from portal blocks: true
[16:13:06] [Server thread/INFO]: View Distance: 16
[16:13:06] [Server thread/INFO]: Zombie Aggressive Towards Villager: true
[16:13:06] [Server thread/INFO]: Experience Merge Radius: 3.0
[16:13:06] [Server thread/INFO]: Nerfing mobs spawned from spawners: false
[16:13:06] [Server thread/INFO]: -------- World Settings For [world_nether] --------
[16:13:06] [Server thread/INFO]: Mob Spawn Range: 4
[16:13:06] [Server thread/INFO]: Cactus Growth Modifier: 100%
[16:13:06] [Server thread/INFO]: Cane Growth Modifier: 100%
[16:13:06] [Server thread/INFO]: Melon Growth Modifier: 100%
[16:13:06] [Server thread/INFO]: Mushroom Growth Modifier: 100%
[16:13:06] [Server thread/INFO]: Pumpkin Growth Modifier: 100%
[16:13:06] [Server thread/INFO]: Sapling Growth Modifier: 100%
[16:13:06] [Server thread/INFO]: Wheat Growth Modifier: 100%
[16:13:06] [Server thread/INFO]: NetherWart Growth Modifier: 100%
[16:13:06] [Server thread/INFO]: Vine Growth Modifier: 100%
[16:13:06] [Server thread/INFO]: Cocoa Growth Modifier: 100%
[16:13:06] [Server thread/INFO]: Entity Activation Range: An 32 / Mo 32 / Mi 16 / Tiv true
[16:13:06] [Server thread/INFO]: Entity Tracking Range: Pl 48 / An 48 / Mo 48 / Mi 32 / Other 64
[16:13:06] [Server thread/INFO]: Hopper Transfer: 8 Hopper Check: 1 Hopper Amount: 1
[16:13:06] [Server thread/INFO]: Random Lighting Updates: false
[16:13:06] [Server thread/INFO]: Structure Info Saving: true
[16:13:06] [Server thread/INFO]: Custom Map Seeds:  Village: 10387312 Feature: 14357617 Monument: 10387313 Slime: 987234911
[16:13:06] [Server thread/INFO]: Max TNT Explosions: 100
[16:13:06] [Server thread/INFO]: Tile Max Tick Time: 50ms Entity max Tick Time: 50ms
[16:13:06] [Server thread/INFO]: Item Merge Radius: 2.5
[16:13:06] [Server thread/INFO]: Item Despawn Rate: 6000
[16:13:06] [Server thread/INFO]: Arrow Despawn Rate: 1200
[16:13:06] [Server thread/INFO]: Allow Zombie Pigmen to spawn from portal blocks: true
[16:13:06] [Server thread/INFO]: View Distance: 16
[16:13:06] [Server thread/INFO]: Zombie Aggressive Towards Villager: true
[16:13:06] [Server thread/INFO]: Experience Merge Radius: 3.0
[16:13:06] [Server thread/INFO]: Nerfing mobs spawned from spawners: false
[16:13:06] [Server thread/INFO]: -------- World Settings For [world_the_end] --------
[16:13:06] [Server thread/INFO]: Mob Spawn Range: 4
[16:13:06] [Server thread/INFO]: Cactus Growth Modifier: 100%
[16:13:06] [Server thread/INFO]: Cane Growth Modifier: 100%
[16:13:06] [Server thread/INFO]: Melon Growth Modifier: 100%
[16:13:06] [Server thread/INFO]: Mushroom Growth Modifier: 100%
[16:13:06] [Server thread/INFO]: Pumpkin Growth Modifier: 100%
[16:13:06] [Server thread/INFO]: Sapling Growth Modifier: 100%
[16:13:06] [Server thread/INFO]: Wheat Growth Modifier: 100%
[16:13:06] [Server thread/INFO]: NetherWart Growth Modifier: 100%
[16:13:06] [Server thread/INFO]: Vine Growth Modifier: 100%
[16:13:06] [Server thread/INFO]: Cocoa Growth Modifier: 100%
[16:13:06] [Server thread/INFO]: Entity Activation Range: An 32 / Mo 32 / Mi 16 / Tiv true
[16:13:06] [Server thread/INFO]: Entity Tracking Range: Pl 48 / An 48 / Mo 48 / Mi 32 / Other 64
[16:13:06] [Server thread/INFO]: Hopper Transfer: 8 Hopper Check: 1 Hopper Amount: 1
[16:13:06] [Server thread/INFO]: Random Lighting Updates: false
[16:13:06] [Server thread/INFO]: Structure Info Saving: true
[16:13:06] [Server thread/INFO]: Custom Map Seeds:  Village: 10387312 Feature: 14357617 Monument: 10387313 Slime: 987234911
[16:13:06] [Server thread/INFO]: Max TNT Explosions: 100
[16:13:06] [Server thread/INFO]: Tile Max Tick Time: 50ms Entity max Tick Time: 50ms
[16:13:06] [Server thread/INFO]: Item Merge Radius: 2.5
[16:13:06] [Server thread/INFO]: Item Despawn Rate: 6000
[16:13:06] [Server thread/INFO]: Arrow Despawn Rate: 1200
[16:13:06] [Server thread/INFO]: Allow Zombie Pigmen to spawn from portal blocks: true
[16:13:06] [Server thread/INFO]: View Distance: 16
[16:13:06] [Server thread/INFO]: Zombie Aggressive Towards Villager: true
[16:13:06] [Server thread/INFO]: Experience Merge Radius: 3.0
[16:13:06] [Server thread/INFO]: Nerfing mobs spawned from spawners: false
[16:13:06] [Server thread/INFO]: [WorkshopPlugin] Disabling WorkshopPlugin v1.0
[16:13:06] [Server thread/INFO]: DISABLED
[16:13:06] [Server thread/INFO]: [WorkshopPlugin] Loading WorkshopPlugin v1.0
[16:13:06] [Server thread/INFO]: [WorkshopPlugin] Enabling WorkshopPlugin v1.0
[16:13:06] [Server thread/INFO]: ENABLED
[16:13:06] [Server thread/INFO]: Server permissions file permissions.yml is empty, ignoring it
[16:13:06] [Server thread/INFO]: CONSOLE: [0;32;1mReload complete.[m
[16:13:18] [User Authenticator #8/INFO]: UUID of player Salocin_ is 6cef0888-4836-3f99-8c3c-6e0d6b23a032
[16:13:18] [Server thread/INFO]: Salocin_[/10.106.0.108:54942] logged in with entity id 4625 at ([world]81.5, 65.0, 254.5)
[16:13:32] [Server thread/INFO]: Salocin_ issued server command: /time add 3600
[16:13:32] [Server thread/INFO]: [Salocin_: Added 3600 to the time]
[16:13:47] [Server thread/INFO]: Salocin_ issued server command: /gamemode survival
[16:13:47] [Server thread/INFO]: [Salocin_: Set own game mode to Survival Mode]
[16:13:53] [Server thread/INFO]: Salocin_ has made the advancement [Diamonds!]
[16:17:10] [Server thread/INFO]: Salocin_ lost connection: Disconnected
[16:17:10] [Server thread/INFO]: [-] Salocin_
[16:37:51] [Thread-3/INFO]: Stopping server
[16:37:51] [Thread-3/INFO]: DISABLED
